<?xml version="1.0" encoding="UTF-8"?>
<!-- Generated by org.testng.reporters.JUnitReportReporter -->
<testsuite hostname="DESKTOP-ADOJGOI" failures="0" tests="2" name="HAndlingPrameterization" time="0.021" errors="0" timestamp="2021-01-03T09:57:05 IST" skipped="0">
  <testcase classname="HAndlingPrameterization" name="Logintest" time="0.002"/>
  <system-out/>
  <testcase classname="HAndlingPrameterization" name="Logintest" time="0.019"/>
  <system-out/>
</testsuite> <!-- HAndlingPrameterization -->
