<?xml version="1.0" encoding="UTF-8"?>
<!-- Generated by org.testng.reporters.JUnitReportReporter -->
<testsuite hostname="DESKTOP-ADOJGOI" failures="0" tests="2" name="Filtertingtestcase" time="0.016" errors="0" timestamp="2021-01-08T22:20:46 IST" skipped="0">
  <testcase classname="Filtertingtestcase" name="fourth" time="0.014"/>
  <system-out/>
  <testcase classname="Filtertingtestcase" name="second" time="0.002"/>
  <system-out/>
</testsuite> <!-- Filtertingtestcase -->
