<?xml version="1.0" encoding="UTF-8"?>
<!-- Generated by org.testng.reporters.JUnitReportReporter -->
<testsuite hostname="DESKTOP-ADOJGOI" failures="0" tests="3" name="FirstTestCase" time="0.012" errors="0" timestamp="2021-01-08T12:30:33 IST" skipped="0">
  <testcase classname="FirstTestCase" name="registration" time="0.009"/>
  <system-out/>
  <testcase classname="FirstTestCase" name="logintest" time="0.001"/>
  <system-out/>
  <testcase classname="FirstTestCase" name="operator" time="0.002"/>
  <system-out/>
</testsuite> <!-- FirstTestCase -->
