<?xml version="1.0" encoding="UTF-8"?>
<!-- Generated by org.testng.reporters.JUnitReportReporter -->
<testsuite hostname="DESKTOP-ADOJGOI" failures="0" tests="1" name="Thirdng" time="0.003" errors="0" timestamp="2021-01-05T13:02:27 IST" skipped="0">
  <testcase classname="Thirdng" name="outputdata" time="0.003"/>
  <system-out/>
</testsuite> <!-- Thirdng -->
