<?xml version="1.0" encoding="UTF-8"?>
<!-- Generated by org.testng.reporters.JUnitReportReporter -->
<testsuite hostname="DESKTOP-ADOJGOI" failures="0" tests="1" name="Secondng" time="0.007" errors="0" timestamp="2021-01-05T20:41:45 IST" skipped="0">
  <testcase classname="Secondng" name="checkInputTest" time="0.007"/>
  <system-out/>
</testsuite> <!-- Secondng -->
