<?xml version="1.0" encoding="UTF-8"?>
<!-- Generated by org.testng.reporters.JUnitReportReporter -->
<testsuite hostname="DESKTOP-8GJPUGF" failures="0" tests="4" name="HandlingParameter" time="0.030" errors="0" timestamp="2024-03-05T20:47:41 IST" skipped="0">
  <testcase classname="HandlingParameter" name="logintest" time="0.002"/>
  <system-out/>
  <testcase classname="HandlingParameter" name="logintest" time="0.006"/>
  <system-out/>
  <testcase classname="HandlingParameter" name="doregistration" time="0.020"/>
  <system-out/>
  <testcase classname="HandlingParameter" name="doregistration" time="0.002"/>
  <system-out/>
</testsuite> <!-- HandlingParameter -->
