<?xml version="1.0" encoding="UTF-8"?>
<!-- Generated by org.testng.reporters.JUnitReportReporter -->
<testsuite hostname="DESKTOP-ADOJGOI" failures="0" tests="1" name="Fifthng" time="0.026" errors="0" timestamp="2021-01-08T12:17:10 IST" skipped="0">
  <testcase classname="Fifthng" name="validation" time="0.026"/>
  <system-out/>
</testsuite> <!-- Fifthng -->
